2023-04-02 21:56:24.368183 - Initialized conversion of CBT106
2023-04-02 21:56:24.474164 - Received CBT.V504.FILE106.PDS from FILE106.XMI 
2023-04-02 21:56:24.477370 - Found $$$#DATE.txt (text/plain) in CBT.V504.FILE106.PDS, moved to PDS/$$$#DATE
2023-04-02 21:56:24.478609 - Found $$DOC.txt (text/plain) in CBT.V504.FILE106.PDS, moved to PDS/$$DOC
2023-04-02 21:56:24.479602 - Found @FILE106.txt (text/plain) in CBT.V504.FILE106.PDS, moved to PDS/@FILE106
2023-04-02 21:56:24.480664 - Found ASM.jcl (text/plain) in CBT.V504.FILE106.PDS, moved to PDS/ASM
2023-04-02 21:56:24.481651 - Found ASMCSC.jcl (text/plain) in CBT.V504.FILE106.PDS, moved to PDS/ASMCSC
2023-04-02 21:56:24.482587 - Found CLISTR.txt (text/plain) in CBT.V504.FILE106.PDS, moved to PDS/CLISTR
2023-04-02 21:56:24.483841 - Found CLISTRB.txt (text/plain) in CBT.V504.FILE106.PDS, moved to PDS/CLISTRB
2023-04-02 21:56:24.484870 - Found LDROP.txt (text/plain) in CBT.V504.FILE106.PDS, moved to PDS/LDROP
2023-04-02 21:56:24.485871 - Found LUSE.txt (text/plain) in CBT.V504.FILE106.PDS, moved to PDS/LUSE
2023-04-02 21:56:24.486883 - Found PRIME.txt (text/plain) in CBT.V504.FILE106.PDS, moved to PDS/PRIME
2023-04-02 21:56:24.487886 - Found RACCESSR.jcl (text/plain) in CBT.V504.FILE106.PDS, moved to PDS/RACCESSR
2023-04-02 21:56:24.488881 - Found RACCESSS.jcl (text/plain) in CBT.V504.FILE106.PDS, moved to PDS/RACCESSS
2023-04-02 21:56:24.489851 - Found RACCESST.jcl (text/plain) in CBT.V504.FILE106.PDS, moved to PDS/RACCESST
2023-04-02 21:56:24.490801 - Found RACCESS5.txt (text/plain) in CBT.V504.FILE106.PDS, moved to PDS/RACCESS5
2023-04-02 21:56:24.491899 - Found RACCESS6.txt (text/plain) in CBT.V504.FILE106.PDS, moved to PDS/RACCESS6
2023-04-02 21:56:24.492928 - Found RACCESS7.txt (text/plain) in CBT.V504.FILE106.PDS, moved to PDS/RACCESS7
2023-04-02 21:56:24.493940 - Found RACCLIST.jcl (text/plain) in CBT.V504.FILE106.PDS, moved to PDS/RACCLIST
2023-04-02 21:56:24.494932 - Found TERME.txt (text/plain) in CBT.V504.FILE106.PDS, moved to PDS/TERME
